

================================================================
== Vivado HLS Report for 'Block_Mat_exit47_pro'
================================================================
* Date:           Sat Aug  1 11:38:14 2020

* Version:        2018.3 (Build 2405991 on Thu Dec 06 23:56:15 MST 2018)
* Project:        rgb2gray.prj
* Solution:       solution3
* Product family: zynq
* Target device:  xc7z020clg400-1


================================================================
== Performance Estimates
================================================================
+ Timing (ns): 
    * Summary: 
    +--------+-------+----------+------------+
    |  Clock | Target| Estimated| Uncertainty|
    +--------+-------+----------+------------+
    |ap_clk  |  10.00|     3.634|        1.25|
    +--------+-------+----------+------------+

+ Latency (clock cycles): 
    * Summary: 
    +-----+-----+-----+-----+---------+
    |  Latency  |  Interval | Pipeline|
    | min | max | min | max |   Type  |
    +-----+-----+-----+-----+---------+
    |    0|    0|    0|    0|   none  |
    +-----+-----+-----+-----+---------+

    + Detail: 
        * Instance: 
        N/A

        * Loop: 
        N/A

============================================================
+ Verbose Summary: Synthesis Manager
============================================================
InlineROM: 1
ExposeGlobal: 0
============================================================
+ Verbose Summary: CDFG Model
============================================================
IsTopModel: 0
ResetActiveHigh: 1
IsCombinational: 2
IsDatapathOnly: 0
HasWiredReturn: 1
HasMFsm: 0
HasVarLatency: 0
IsPipeline: 0
IsRtlPipelined: 0
IsInstanceOverlapped: 0
IsDontTouch: 0
HasImplIP: 0
IsGatedGlobalClock: 0


============================================================
+ Verbose Summary: Schedule
============================================================
* Number of FSM states : 1
* Pipeline : 0
* Dataflow Pipeline: 0

* FSM state transitions: 
1 --> 

* FSM state operations: 

State 1 <SV = 0> <Delay = 3.63>
ST_1 : Operation 2 [1/1] (0.00ns)   --->   "call void (...)* @_ssdm_op_SpecInterface(i32* %img_2_cols_V_out, [8 x i8]* @ap_fifo_str, i32 0, i32 0, [1 x i8]* @p_str, i32 0, i32 0, [1 x i8]* @p_str, [1 x i8]* @p_str, [1 x i8]* @p_str, i32 2, i32 2, i32 16, i32 16, [1 x i8]* @p_str, [1 x i8]* @p_str)"   --->   Operation 2 'specinterface' <Predicate = true> <Delay = 0.00>
ST_1 : Operation 3 [1/1] (0.00ns)   --->   "call void (...)* @_ssdm_op_SpecInterface(i32* %img_2_rows_V_out, [8 x i8]* @ap_fifo_str, i32 0, i32 0, [1 x i8]* @p_str, i32 0, i32 0, [1 x i8]* @p_str, [1 x i8]* @p_str, [1 x i8]* @p_str, i32 2, i32 2, i32 16, i32 16, [1 x i8]* @p_str, [1 x i8]* @p_str)"   --->   Operation 3 'specinterface' <Predicate = true> <Delay = 0.00>
ST_1 : Operation 4 [1/1] (0.00ns)   --->   "call void (...)* @_ssdm_op_SpecInterface(i32* %img_1_cols_V_out, [8 x i8]* @ap_fifo_str, i32 0, i32 0, [1 x i8]* @p_str, i32 0, i32 0, [1 x i8]* @p_str, [1 x i8]* @p_str, [1 x i8]* @p_str, i32 2, i32 2, i32 16, i32 16, [1 x i8]* @p_str, [1 x i8]* @p_str)"   --->   Operation 4 'specinterface' <Predicate = true> <Delay = 0.00>
ST_1 : Operation 5 [1/1] (0.00ns)   --->   "call void (...)* @_ssdm_op_SpecInterface(i32* %img_1_rows_V_out, [8 x i8]* @ap_fifo_str, i32 0, i32 0, [1 x i8]* @p_str, i32 0, i32 0, [1 x i8]* @p_str, [1 x i8]* @p_str, [1 x i8]* @p_str, i32 2, i32 2, i32 16, i32 16, [1 x i8]* @p_str, [1 x i8]* @p_str)"   --->   Operation 5 'specinterface' <Predicate = true> <Delay = 0.00>
ST_1 : Operation 6 [1/1] (0.00ns)   --->   "call void (...)* @_ssdm_op_SpecInterface(i32* %img_0_cols_V_out, [8 x i8]* @ap_fifo_str, i32 0, i32 0, [1 x i8]* @p_str, i32 0, i32 0, [1 x i8]* @p_str, [1 x i8]* @p_str, [1 x i8]* @p_str, i32 2, i32 2, i32 16, i32 16, [1 x i8]* @p_str, [1 x i8]* @p_str)"   --->   Operation 6 'specinterface' <Predicate = true> <Delay = 0.00>
ST_1 : Operation 7 [1/1] (0.00ns)   --->   "call void (...)* @_ssdm_op_SpecInterface(i32* %img_0_rows_V_out, [8 x i8]* @ap_fifo_str, i32 0, i32 0, [1 x i8]* @p_str, i32 0, i32 0, [1 x i8]* @p_str, [1 x i8]* @p_str, [1 x i8]* @p_str, i32 2, i32 2, i32 16, i32 16, [1 x i8]* @p_str, [1 x i8]* @p_str)"   --->   Operation 7 'specinterface' <Predicate = true> <Delay = 0.00>
ST_1 : Operation 8 [1/1] (0.00ns)   --->   "%cols_read = call i32 @_ssdm_op_Read.ap_auto.i32(i32 %cols)" [rgb2gray.cpp:14]   --->   Operation 8 'read' 'cols_read' <Predicate = true> <Delay = 0.00>
ST_1 : Operation 9 [1/1] (0.00ns)   --->   "%rows_read = call i32 @_ssdm_op_Read.ap_auto.i32(i32 %rows)" [rgb2gray.cpp:14]   --->   Operation 9 'read' 'rows_read' <Predicate = true> <Delay = 0.00>
ST_1 : Operation 10 [1/1] (3.63ns)   --->   "call void @_ssdm_op_Write.ap_fifo.i32P(i32* %img_0_rows_V_out, i32 %rows_read)" [F:/Xilinx/Vivado/2018.3/common/technology/autopilot/hls/hls_video_core.h:656->F:/Xilinx/Vivado/2018.3/common/technology/autopilot/hls/hls_video_core.h:642->F:/Xilinx/Vivado/2018.3/common/technology/autopilot/hls/hls_video_core.h:643->rgb2gray.cpp:14]   --->   Operation 10 'write' <Predicate = true> <Delay = 3.63> <Core = "FIFO">   --->   Core 32 'FIFO' <Latency = 0> <II = 1> <Delay = 3.63> <Storage> <Opcode : 'read' 'write' 'nbread' 'nbwrite'> <Ports = 0> <Width = 32> <Depth = 2> <FIFO>
ST_1 : Operation 11 [1/1] (3.63ns)   --->   "call void @_ssdm_op_Write.ap_fifo.i32P(i32* %img_0_cols_V_out, i32 %cols_read)" [F:/Xilinx/Vivado/2018.3/common/technology/autopilot/hls/hls_video_core.h:657->F:/Xilinx/Vivado/2018.3/common/technology/autopilot/hls/hls_video_core.h:642->F:/Xilinx/Vivado/2018.3/common/technology/autopilot/hls/hls_video_core.h:643->rgb2gray.cpp:14]   --->   Operation 11 'write' <Predicate = true> <Delay = 3.63> <Core = "FIFO">   --->   Core 32 'FIFO' <Latency = 0> <II = 1> <Delay = 3.63> <Storage> <Opcode : 'read' 'write' 'nbread' 'nbwrite'> <Ports = 0> <Width = 32> <Depth = 2> <FIFO>
ST_1 : Operation 12 [1/1] (3.63ns)   --->   "call void @_ssdm_op_Write.ap_fifo.i32P(i32* %img_1_rows_V_out, i32 %rows_read)" [F:/Xilinx/Vivado/2018.3/common/technology/autopilot/hls/hls_video_core.h:656->F:/Xilinx/Vivado/2018.3/common/technology/autopilot/hls/hls_video_core.h:642->F:/Xilinx/Vivado/2018.3/common/technology/autopilot/hls/hls_video_core.h:643->rgb2gray.cpp:15]   --->   Operation 12 'write' <Predicate = true> <Delay = 3.63> <Core = "FIFO">   --->   Core 32 'FIFO' <Latency = 0> <II = 1> <Delay = 3.63> <Storage> <Opcode : 'read' 'write' 'nbread' 'nbwrite'> <Ports = 0> <Width = 32> <Depth = 2> <FIFO>
ST_1 : Operation 13 [1/1] (3.63ns)   --->   "call void @_ssdm_op_Write.ap_fifo.i32P(i32* %img_1_cols_V_out, i32 %cols_read)" [F:/Xilinx/Vivado/2018.3/common/technology/autopilot/hls/hls_video_core.h:657->F:/Xilinx/Vivado/2018.3/common/technology/autopilot/hls/hls_video_core.h:642->F:/Xilinx/Vivado/2018.3/common/technology/autopilot/hls/hls_video_core.h:643->rgb2gray.cpp:15]   --->   Operation 13 'write' <Predicate = true> <Delay = 3.63> <Core = "FIFO">   --->   Core 32 'FIFO' <Latency = 0> <II = 1> <Delay = 3.63> <Storage> <Opcode : 'read' 'write' 'nbread' 'nbwrite'> <Ports = 0> <Width = 32> <Depth = 2> <FIFO>
ST_1 : Operation 14 [1/1] (3.63ns)   --->   "call void @_ssdm_op_Write.ap_fifo.i32P(i32* %img_2_rows_V_out, i32 %rows_read)" [F:/Xilinx/Vivado/2018.3/common/technology/autopilot/hls/hls_video_core.h:656->F:/Xilinx/Vivado/2018.3/common/technology/autopilot/hls/hls_video_core.h:642->F:/Xilinx/Vivado/2018.3/common/technology/autopilot/hls/hls_video_core.h:643->rgb2gray.cpp:16]   --->   Operation 14 'write' <Predicate = true> <Delay = 3.63> <Core = "FIFO">   --->   Core 32 'FIFO' <Latency = 0> <II = 1> <Delay = 3.63> <Storage> <Opcode : 'read' 'write' 'nbread' 'nbwrite'> <Ports = 0> <Width = 32> <Depth = 2> <FIFO>
ST_1 : Operation 15 [1/1] (3.63ns)   --->   "call void @_ssdm_op_Write.ap_fifo.i32P(i32* %img_2_cols_V_out, i32 %cols_read)" [F:/Xilinx/Vivado/2018.3/common/technology/autopilot/hls/hls_video_core.h:657->F:/Xilinx/Vivado/2018.3/common/technology/autopilot/hls/hls_video_core.h:642->F:/Xilinx/Vivado/2018.3/common/technology/autopilot/hls/hls_video_core.h:643->rgb2gray.cpp:16]   --->   Operation 15 'write' <Predicate = true> <Delay = 3.63> <Core = "FIFO">   --->   Core 32 'FIFO' <Latency = 0> <II = 1> <Delay = 3.63> <Storage> <Opcode : 'read' 'write' 'nbread' 'nbwrite'> <Ports = 0> <Width = 32> <Depth = 2> <FIFO>
ST_1 : Operation 16 [1/1] (0.00ns)   --->   "ret void"   --->   Operation 16 'ret' <Predicate = true> <Delay = 0.00>


============================================================
+ Verbose Summary: Timing violations
============================================================
Target clock period: 10ns, clock uncertainty: 1.25ns.

 <State 1>: 3.63ns
The critical path consists of the following:
	wire read on port 'cols' (rgb2gray.cpp:14) [15]  (0 ns)
	fifo write on port 'img_0_cols_V_out' (F:/Xilinx/Vivado/2018.3/common/technology/autopilot/hls/hls_video_core.h:657->F:/Xilinx/Vivado/2018.3/common/technology/autopilot/hls/hls_video_core.h:642->F:/Xilinx/Vivado/2018.3/common/technology/autopilot/hls/hls_video_core.h:643->rgb2gray.cpp:14) [18]  (3.63 ns)


============================================================
+ Verbose Summary: Binding
============================================================
N/A
* FSMD analyzer results:
  - Output states:
 - Input state : 
  - Chain level:
	State 1


============================================================
+ Verbose Summary: Datapath Resource usage 
============================================================
N/A
