

================================================================
== Vivado HLS Report for 'CvtColor_1'
================================================================
* Date:           Sat Aug  1 11:38:19 2020

* Version:        2018.3 (Build 2405991 on Thu Dec 06 23:56:15 MST 2018)
* Project:        rgb2gray.prj
* Solution:       solution3
* Product family: zynq
* Target device:  xc7z020clg400-1


================================================================
== Performance Estimates
================================================================
+ Timing (ns): 
    * Summary: 
    +--------+-------+----------+------------+
    |  Clock | Target| Estimated| Uncertainty|
    +--------+-------+----------+------------+
    |ap_clk  |  10.00|     7.268|        1.25|
    +--------+-------+----------+------------+

+ Latency (clock cycles): 
    * Summary: 
    +-----+--------+-----+--------+---------+
    |    Latency   |   Interval   | Pipeline|
    | min |   max  | min |   max  |   Type  |
    +-----+--------+-----+--------+---------+
    |    1|  923761|    1|  923761|   none  |
    +-----+--------+-----+--------+---------+

    + Detail: 
        * Instance: 
        N/A

        * Loop: 
        +---------------+-----+--------+----------+-----------+-----------+----------+----------+
        |               |    Latency   | Iteration|  Initiation Interval  |   Trip   |          |
        |   Loop Name   | min |   max  |  Latency |  achieved |   target  |   Count  | Pipelined|
        +---------------+-----+--------+----------+-----------+-----------+----------+----------+
        |- loop_height  |    0|  923760| 3 ~ 1283 |          -|          -|  0 ~ 720 |    no    |
        | + loop_width  |    0|    1280|         2|          1|          1| 0 ~ 1280 |    yes   |
        +---------------+-----+--------+----------+-----------+-----------+----------+----------+



================================================================
== Utilization Estimates
================================================================
* Summary: 
+-----------------+---------+-------+--------+-------+
|       Name      | BRAM_18K| DSP48E|   FF   |  LUT  |
+-----------------+---------+-------+--------+-------+
|DSP              |        -|      -|       -|      -|
|Expression       |        -|      -|       0|    122|
|FIFO             |        -|      -|       -|      -|
|Instance         |        -|      -|       -|      -|
|Memory           |        -|      -|       -|      -|
|Multiplexer      |        -|      -|       -|    123|
|Register         |        -|      -|     165|      -|
+-----------------+---------+-------+--------+-------+
|Total            |        0|      0|     165|    245|
+-----------------+---------+-------+--------+-------+
|Available        |      280|    220|  106400|  53200|
+-----------------+---------+-------+--------+-------+
|Utilization (%)  |        0|      0|   ~0   |   ~0  |
+-----------------+---------+-------+--------+-------+

+ Detail: 
    * Instance: 
    N/A

    * DSP48: 
    N/A

    * Memory: 
    N/A

    * FIFO: 
    N/A

    * Expression: 
    +----------------------------------+----------+-------+---+----+------------+------------+
    |           Variable Name          | Operation| DSP48E| FF| LUT| Bitwidth P0| Bitwidth P1|
    +----------------------------------+----------+-------+---+----+------------+------------+
    |i_fu_139_p2                       |     +    |      0|  0|  38|          31|           1|
    |j_fu_154_p2                       |     +    |      0|  0|  38|          31|           1|
    |ap_block_pp0_stage0_01001         |    and   |      0|  0|   2|           1|           1|
    |tmp_2_i_fu_149_p2                 |   icmp   |      0|  0|  18|          32|          32|
    |tmp_i_fu_134_p2                   |   icmp   |      0|  0|  18|          32|          32|
    |ap_block_state1                   |    or    |      0|  0|   2|           1|           1|
    |ap_block_state4_pp0_stage0_iter1  |    or    |      0|  0|   2|           1|           1|
    |ap_enable_pp0                     |    xor   |      0|  0|   2|           1|           2|
    |ap_enable_reg_pp0_iter1           |    xor   |      0|  0|   2|           2|           1|
    +----------------------------------+----------+-------+---+----+------------+------------+
    |Total                             |          |      0|  0| 122|         132|          72|
    +----------------------------------+----------+-------+---+----+------------+------------+

    * Multiplexer: 
    +-----------------------------+----+-----------+-----+-----------+
    |             Name            | LUT| Input Size| Bits| Total Bits|
    +-----------------------------+----+-----------+-----+-----------+
    |ap_NS_fsm                    |  27|          5|    1|          5|
    |ap_done                      |   9|          2|    1|          2|
    |ap_enable_reg_pp0_iter1      |  15|          3|    1|          3|
    |i_i_reg_108                  |   9|          2|   31|         62|
    |j_i_reg_119                  |   9|          2|   31|         62|
    |p_dst_data_stream_0_V_blk_n  |   9|          2|    1|          2|
    |p_dst_data_stream_1_V_blk_n  |   9|          2|    1|          2|
    |p_dst_data_stream_2_V_blk_n  |   9|          2|    1|          2|
    |p_src_cols_V_blk_n           |   9|          2|    1|          2|
    |p_src_data_stream_V_blk_n    |   9|          2|    1|          2|
    |p_src_rows_V_blk_n           |   9|          2|    1|          2|
    +-----------------------------+----+-----------+-----+-----------+
    |Total                        | 123|         26|   71|        146|
    +-----------------------------+----+-----------+-----+-----------+

    * Register: 
    +-------------------------+----+----+-----+-----------+
    |           Name          | FF | LUT| Bits| Const Bits|
    +-------------------------+----+----+-----+-----------+
    |ap_CS_fsm                |   4|   0|    4|          0|
    |ap_done_reg              |   1|   0|    1|          0|
    |ap_enable_reg_pp0_iter0  |   1|   0|    1|          0|
    |ap_enable_reg_pp0_iter1  |   1|   0|    1|          0|
    |cols_reg_160             |  32|   0|   32|          0|
    |i_i_reg_108              |  31|   0|   31|          0|
    |i_reg_174                |  31|   0|   31|          0|
    |j_i_reg_119              |  31|   0|   31|          0|
    |rows_reg_165             |  32|   0|   32|          0|
    |tmp_2_i_reg_179          |   1|   0|    1|          0|
    +-------------------------+----+----+-----+-----------+
    |Total                    | 165|   0|  165|          0|
    +-------------------------+----+----+-----+-----------+



================================================================
== Interface
================================================================
* Summary: 
+------------------------------+-----+-----+------------+-----------------------+--------------+
|           RTL Ports          | Dir | Bits|  Protocol  |     Source Object     |    C Type    |
+------------------------------+-----+-----+------------+-----------------------+--------------+
|ap_clk                        |  in |    1| ap_ctrl_hs |       CvtColor.1      | return value |
|ap_rst                        |  in |    1| ap_ctrl_hs |       CvtColor.1      | return value |
|ap_start                      |  in |    1| ap_ctrl_hs |       CvtColor.1      | return value |
|ap_done                       | out |    1| ap_ctrl_hs |       CvtColor.1      | return value |
|ap_continue                   |  in |    1| ap_ctrl_hs |       CvtColor.1      | return value |
|ap_idle                       | out |    1| ap_ctrl_hs |       CvtColor.1      | return value |
|ap_ready                      | out |    1| ap_ctrl_hs |       CvtColor.1      | return value |
|p_src_rows_V_dout             |  in |   32|   ap_fifo  |      p_src_rows_V     |    pointer   |
|p_src_rows_V_empty_n          |  in |    1|   ap_fifo  |      p_src_rows_V     |    pointer   |
|p_src_rows_V_read             | out |    1|   ap_fifo  |      p_src_rows_V     |    pointer   |
|p_src_cols_V_dout             |  in |   32|   ap_fifo  |      p_src_cols_V     |    pointer   |
|p_src_cols_V_empty_n          |  in |    1|   ap_fifo  |      p_src_cols_V     |    pointer   |
|p_src_cols_V_read             | out |    1|   ap_fifo  |      p_src_cols_V     |    pointer   |
|p_src_data_stream_V_dout      |  in |    8|   ap_fifo  |  p_src_data_stream_V  |    pointer   |
|p_src_data_stream_V_empty_n   |  in |    1|   ap_fifo  |  p_src_data_stream_V  |    pointer   |
|p_src_data_stream_V_read      | out |    1|   ap_fifo  |  p_src_data_stream_V  |    pointer   |
|p_dst_data_stream_0_V_din     | out |    8|   ap_fifo  | p_dst_data_stream_0_V |    pointer   |
|p_dst_data_stream_0_V_full_n  |  in |    1|   ap_fifo  | p_dst_data_stream_0_V |    pointer   |
|p_dst_data_stream_0_V_write   | out |    1|   ap_fifo  | p_dst_data_stream_0_V |    pointer   |
|p_dst_data_stream_1_V_din     | out |    8|   ap_fifo  | p_dst_data_stream_1_V |    pointer   |
|p_dst_data_stream_1_V_full_n  |  in |    1|   ap_fifo  | p_dst_data_stream_1_V |    pointer   |
|p_dst_data_stream_1_V_write   | out |    1|   ap_fifo  | p_dst_data_stream_1_V |    pointer   |
|p_dst_data_stream_2_V_din     | out |    8|   ap_fifo  | p_dst_data_stream_2_V |    pointer   |
|p_dst_data_stream_2_V_full_n  |  in |    1|   ap_fifo  | p_dst_data_stream_2_V |    pointer   |
|p_dst_data_stream_2_V_write   | out |    1|   ap_fifo  | p_dst_data_stream_2_V |    pointer   |
+------------------------------+-----+-----+------------+-----------------------+--------------+

============================================================
+ Verbose Summary: Synthesis Manager
============================================================
InlineROM: 1
ExposeGlobal: 0
============================================================
+ Verbose Summary: CDFG Model
============================================================
IsTopModel: 0
ResetActiveHigh: 1
IsCombinational: 2
IsDatapathOnly: 0
HasWiredReturn: 1
HasMFsm: 0
HasVarLatency: 1
IsPipeline: 0
IsRtlPipelined: 0
IsInstanceOverlapped: 0
IsDontTouch: 0
HasImplIP: 0
IsGatedGlobalClock: 0

+ Individual pipeline summary: 
  * Pipeline-0: initiation interval (II) = 1, depth = 2


============================================================
+ Verbose Summary: Schedule
============================================================
* Number of FSM states : 5
* Pipeline : 1
  Pipeline-0 : II = 1, D = 2, States = { 3 4 }
* Dataflow Pipeline: 0

* FSM state transitions: 
1 --> 
	2  / true
2 --> 
	3  / (tmp_i)
3 --> 
	5  / (!tmp_2_i)
	4  / (tmp_2_i)
4 --> 
	3  / true
5 --> 
	2  / true

* FSM state operations: 

State 1 <SV = 0> <Delay = 3.63>
ST_1 : Operation 6 [1/1] (0.00ns)   --->   "call void (...)* @_ssdm_op_SpecInterface(i8* %p_dst_data_stream_2_V, [8 x i8]* @ap_fifo_str, i32 0, i32 0, [1 x i8]* @p_str, i32 0, i32 0, [1 x i8]* @p_str, [1 x i8]* @p_str, [1 x i8]* @p_str, i32 2, i32 2, i32 16, i32 16, [1 x i8]* @p_str, [1 x i8]* @p_str)"   --->   Operation 6 'specinterface' <Predicate = true> <Delay = 0.00>
ST_1 : Operation 7 [1/1] (0.00ns)   --->   "call void (...)* @_ssdm_op_SpecInterface(i8* %p_dst_data_stream_1_V, [8 x i8]* @ap_fifo_str, i32 0, i32 0, [1 x i8]* @p_str, i32 0, i32 0, [1 x i8]* @p_str, [1 x i8]* @p_str, [1 x i8]* @p_str, i32 2, i32 2, i32 16, i32 16, [1 x i8]* @p_str, [1 x i8]* @p_str)"   --->   Operation 7 'specinterface' <Predicate = true> <Delay = 0.00>
ST_1 : Operation 8 [1/1] (0.00ns)   --->   "call void (...)* @_ssdm_op_SpecInterface(i8* %p_dst_data_stream_0_V, [8 x i8]* @ap_fifo_str, i32 0, i32 0, [1 x i8]* @p_str, i32 0, i32 0, [1 x i8]* @p_str, [1 x i8]* @p_str, [1 x i8]* @p_str, i32 2, i32 2, i32 16, i32 16, [1 x i8]* @p_str, [1 x i8]* @p_str)"   --->   Operation 8 'specinterface' <Predicate = true> <Delay = 0.00>
ST_1 : Operation 9 [1/1] (0.00ns)   --->   "call void (...)* @_ssdm_op_SpecInterface(i8* %p_src_data_stream_V, [8 x i8]* @ap_fifo_str, i32 0, i32 0, [1 x i8]* @p_str, i32 0, i32 0, [1 x i8]* @p_str, [1 x i8]* @p_str, [1 x i8]* @p_str, i32 2, i32 2, i32 16, i32 16, [1 x i8]* @p_str, [1 x i8]* @p_str)"   --->   Operation 9 'specinterface' <Predicate = true> <Delay = 0.00>
ST_1 : Operation 10 [1/1] (0.00ns)   --->   "call void (...)* @_ssdm_op_SpecInterface(i32* %p_src_rows_V, [8 x i8]* @ap_fifo_str, i32 0, i32 0, [1 x i8]* @p_str, i32 0, i32 0, [1 x i8]* @p_str, [1 x i8]* @p_str, [1 x i8]* @p_str, i32 2, i32 2, i32 16, i32 16, [1 x i8]* @p_str, [11 x i8]* @ScalarProp_str)"   --->   Operation 10 'specinterface' <Predicate = true> <Delay = 0.00>
ST_1 : Operation 11 [1/1] (0.00ns)   --->   "call void (...)* @_ssdm_op_SpecInterface(i32* %p_src_cols_V, [8 x i8]* @ap_fifo_str, i32 0, i32 0, [1 x i8]* @p_str, i32 0, i32 0, [1 x i8]* @p_str, [1 x i8]* @p_str, [1 x i8]* @p_str, i32 2, i32 2, i32 16, i32 16, [1 x i8]* @p_str, [11 x i8]* @ScalarProp_str)"   --->   Operation 11 'specinterface' <Predicate = true> <Delay = 0.00>
ST_1 : Operation 12 [1/1] (3.63ns)   --->   "%cols = call i32 @_ssdm_op_Read.ap_fifo.i32P(i32* %p_src_cols_V)" [F:/Xilinx/Vivado/2018.3/common/technology/autopilot/hls/hls_video_imgproc.h:1961]   --->   Operation 12 'read' 'cols' <Predicate = true> <Delay = 3.63> <Core = "FIFO">   --->   Core 32 'FIFO' <Latency = 0> <II = 1> <Delay = 3.63> <Storage> <Opcode : 'read' 'write' 'nbread' 'nbwrite'> <Ports = 0> <Width = 32> <Depth = 2> <FIFO>
ST_1 : Operation 13 [1/1] (3.63ns)   --->   "%rows = call i32 @_ssdm_op_Read.ap_fifo.i32P(i32* %p_src_rows_V)" [F:/Xilinx/Vivado/2018.3/common/technology/autopilot/hls/hls_video_imgproc.h:1962]   --->   Operation 13 'read' 'rows' <Predicate = true> <Delay = 3.63> <Core = "FIFO">   --->   Core 32 'FIFO' <Latency = 0> <II = 1> <Delay = 3.63> <Storage> <Opcode : 'read' 'write' 'nbread' 'nbwrite'> <Ports = 0> <Width = 32> <Depth = 2> <FIFO>
ST_1 : Operation 14 [1/1] (1.76ns)   --->   "br label %0" [F:/Xilinx/Vivado/2018.3/common/technology/autopilot/hls/hls_video_imgproc.h:1967]   --->   Operation 14 'br' <Predicate = true> <Delay = 1.76>

State 2 <SV = 1> <Delay = 3.45>
ST_2 : Operation 15 [1/1] (0.00ns)   --->   "%i_i = phi i31 [ 0, %entry ], [ %i, %3 ]"   --->   Operation 15 'phi' 'i_i' <Predicate = true> <Delay = 0.00>
ST_2 : Operation 16 [1/1] (0.00ns)   --->   "%i_cast_i = zext i31 %i_i to i32" [F:/Xilinx/Vivado/2018.3/common/technology/autopilot/hls/hls_video_imgproc.h:1967]   --->   Operation 16 'zext' 'i_cast_i' <Predicate = true> <Delay = 0.00>
ST_2 : Operation 17 [1/1] (2.47ns)   --->   "%tmp_i = icmp slt i32 %i_cast_i, %rows" [F:/Xilinx/Vivado/2018.3/common/technology/autopilot/hls/hls_video_imgproc.h:1967]   --->   Operation 17 'icmp' 'tmp_i' <Predicate = true> <Delay = 2.47> <Core = "Cmp">   --->   Core 25 'Cmp' <Latency = 0> <II = 1> <Delay = 2.47> <FuncUnit> <Opcode : 'icmp'> <InPorts = 2> <OutPorts = 1>
ST_2 : Operation 18 [1/1] (0.00ns)   --->   "call void (...)* @_ssdm_op_SpecLoopTripCount(i64 0, i64 720, i64 0)"   --->   Operation 18 'speclooptripcount' <Predicate = true> <Delay = 0.00>
ST_2 : Operation 19 [1/1] (2.52ns)   --->   "%i = add i31 %i_i, 1" [F:/Xilinx/Vivado/2018.3/common/technology/autopilot/hls/hls_video_imgproc.h:1967]   --->   Operation 19 'add' 'i' <Predicate = true> <Delay = 2.52> <Core = "AddSub">   --->   Core 14 'AddSub' <Latency = 0> <II = 1> <Delay = 2.52> <FuncUnit> <Opcode : 'add' 'sub'> <InPorts = 2> <OutPorts = 1>
ST_2 : Operation 20 [1/1] (0.00ns)   --->   "br i1 %tmp_i, label %1, label %.exit" [F:/Xilinx/Vivado/2018.3/common/technology/autopilot/hls/hls_video_imgproc.h:1967]   --->   Operation 20 'br' <Predicate = true> <Delay = 0.00>
ST_2 : Operation 21 [1/1] (0.00ns)   --->   "call void (...)* @_ssdm_op_SpecLoopName([12 x i8]* @p_str15) nounwind" [F:/Xilinx/Vivado/2018.3/common/technology/autopilot/hls/hls_video_imgproc.h:1967]   --->   Operation 21 'specloopname' <Predicate = (tmp_i)> <Delay = 0.00>
ST_2 : Operation 22 [1/1] (0.00ns)   --->   "%tmp_i_50 = call i32 (...)* @_ssdm_op_SpecRegionBegin([12 x i8]* @p_str15)" [F:/Xilinx/Vivado/2018.3/common/technology/autopilot/hls/hls_video_imgproc.h:1967]   --->   Operation 22 'specregionbegin' 'tmp_i_50' <Predicate = (tmp_i)> <Delay = 0.00>
ST_2 : Operation 23 [1/1] (1.76ns)   --->   "br label %2" [F:/Xilinx/Vivado/2018.3/common/technology/autopilot/hls/hls_video_imgproc.h:1968]   --->   Operation 23 'br' <Predicate = (tmp_i)> <Delay = 1.76>
ST_2 : Operation 24 [1/1] (0.00ns)   --->   "ret void"   --->   Operation 24 'ret' <Predicate = (!tmp_i)> <Delay = 0.00>

State 3 <SV = 2> <Delay = 2.52>
ST_3 : Operation 25 [1/1] (0.00ns)   --->   "%j_i = phi i31 [ 0, %1 ], [ %j, %"operator<<.exit.i" ]"   --->   Operation 25 'phi' 'j_i' <Predicate = true> <Delay = 0.00>
ST_3 : Operation 26 [1/1] (0.00ns)   --->   "%j_cast_i = zext i31 %j_i to i32" [F:/Xilinx/Vivado/2018.3/common/technology/autopilot/hls/hls_video_imgproc.h:1968]   --->   Operation 26 'zext' 'j_cast_i' <Predicate = true> <Delay = 0.00>
ST_3 : Operation 27 [1/1] (2.47ns)   --->   "%tmp_2_i = icmp slt i32 %j_cast_i, %cols" [F:/Xilinx/Vivado/2018.3/common/technology/autopilot/hls/hls_video_imgproc.h:1968]   --->   Operation 27 'icmp' 'tmp_2_i' <Predicate = true> <Delay = 2.47> <Core = "Cmp">   --->   Core 25 'Cmp' <Latency = 0> <II = 1> <Delay = 2.47> <FuncUnit> <Opcode : 'icmp'> <InPorts = 2> <OutPorts = 1>
ST_3 : Operation 28 [1/1] (0.00ns)   --->   "call void (...)* @_ssdm_op_SpecLoopTripCount(i64 0, i64 1280, i64 0)"   --->   Operation 28 'speclooptripcount' <Predicate = true> <Delay = 0.00>
ST_3 : Operation 29 [1/1] (2.52ns)   --->   "%j = add i31 %j_i, 1" [F:/Xilinx/Vivado/2018.3/common/technology/autopilot/hls/hls_video_imgproc.h:1968]   --->   Operation 29 'add' 'j' <Predicate = true> <Delay = 2.52> <Core = "AddSub">   --->   Core 14 'AddSub' <Latency = 0> <II = 1> <Delay = 2.52> <FuncUnit> <Opcode : 'add' 'sub'> <InPorts = 2> <OutPorts = 1>
ST_3 : Operation 30 [1/1] (0.00ns)   --->   "br i1 %tmp_2_i, label %"operator<<.exit.i", label %3" [F:/Xilinx/Vivado/2018.3/common/technology/autopilot/hls/hls_video_imgproc.h:1968]   --->   Operation 30 'br' <Predicate = true> <Delay = 0.00>

State 4 <SV = 3> <Delay = 7.26>
ST_4 : Operation 31 [1/1] (0.00ns)   --->   "call void (...)* @_ssdm_op_SpecLoopName([11 x i8]* @p_str16) nounwind" [F:/Xilinx/Vivado/2018.3/common/technology/autopilot/hls/hls_video_imgproc.h:1968]   --->   Operation 31 'specloopname' <Predicate = (tmp_2_i)> <Delay = 0.00>
ST_4 : Operation 32 [1/1] (0.00ns)   --->   "%tmp_9_i = call i32 (...)* @_ssdm_op_SpecRegionBegin([11 x i8]* @p_str16)" [F:/Xilinx/Vivado/2018.3/common/technology/autopilot/hls/hls_video_imgproc.h:1968]   --->   Operation 32 'specregionbegin' 'tmp_9_i' <Predicate = (tmp_2_i)> <Delay = 0.00>
ST_4 : Operation 33 [1/1] (0.00ns)   --->   "call void (...)* @_ssdm_op_SpecPipeline(i32 -1, i32 1, i32 1, i32 0, [1 x i8]* @p_str) nounwind" [F:/Xilinx/Vivado/2018.3/common/technology/autopilot/hls/hls_video_imgproc.h:1970]   --->   Operation 33 'specpipeline' <Predicate = (tmp_2_i)> <Delay = 0.00>
ST_4 : Operation 34 [1/1] (0.00ns)   --->   "%tmp_10_i = call i32 (...)* @_ssdm_op_SpecRegionBegin([12 x i8]* @p_str26)" [F:/Xilinx/Vivado/2018.3/common/technology/autopilot/hls/hls_video_core.h:672->F:/Xilinx/Vivado/2018.3/common/technology/autopilot/hls/hls_video_core.h:711->F:/Xilinx/Vivado/2018.3/common/technology/autopilot/hls/hls_video_imgproc.h:1971]   --->   Operation 34 'specregionbegin' 'tmp_10_i' <Predicate = (tmp_2_i)> <Delay = 0.00>
ST_4 : Operation 35 [1/1] (0.00ns)   --->   "call void (...)* @_ssdm_op_SpecProtocol(i32 0, [1 x i8]* @p_str) nounwind" [F:/Xilinx/Vivado/2018.3/common/technology/autopilot/hls/hls_video_core.h:676->F:/Xilinx/Vivado/2018.3/common/technology/autopilot/hls/hls_video_core.h:711->F:/Xilinx/Vivado/2018.3/common/technology/autopilot/hls/hls_video_imgproc.h:1971]   --->   Operation 35 'specprotocol' <Predicate = (tmp_2_i)> <Delay = 0.00>
ST_4 : Operation 36 [1/1] (3.63ns)   --->   "%tmp = call i8 @_ssdm_op_Read.ap_fifo.volatile.i8P(i8* %p_src_data_stream_V)" [F:/Xilinx/Vivado/2018.3/common/technology/autopilot/hls/hls_video_core.h:679->F:/Xilinx/Vivado/2018.3/common/technology/autopilot/hls/hls_video_core.h:711->F:/Xilinx/Vivado/2018.3/common/technology/autopilot/hls/hls_video_imgproc.h:1971]   --->   Operation 36 'read' 'tmp' <Predicate = (tmp_2_i)> <Delay = 3.63> <Core = "FIFO">   --->   Core 32 'FIFO' <Latency = 0> <II = 1> <Delay = 3.63> <Storage> <Opcode : 'read' 'write' 'nbread' 'nbwrite'> <Ports = 0> <Width = 32> <Depth = 2> <FIFO>
ST_4 : Operation 37 [1/1] (0.00ns)   --->   "%empty = call i32 (...)* @_ssdm_op_SpecRegionEnd([12 x i8]* @p_str26, i32 %tmp_10_i)" [F:/Xilinx/Vivado/2018.3/common/technology/autopilot/hls/hls_video_core.h:681->F:/Xilinx/Vivado/2018.3/common/technology/autopilot/hls/hls_video_core.h:711->F:/Xilinx/Vivado/2018.3/common/technology/autopilot/hls/hls_video_imgproc.h:1971]   --->   Operation 37 'specregionend' 'empty' <Predicate = (tmp_2_i)> <Delay = 0.00>
ST_4 : Operation 38 [1/1] (0.00ns)   --->   "%tmp_11_i = call i32 (...)* @_ssdm_op_SpecRegionBegin([12 x i8]* @p_str24)" [F:/Xilinx/Vivado/2018.3/common/technology/autopilot/hls/hls_video_core.h:696->F:/Xilinx/Vivado/2018.3/common/technology/autopilot/hls/hls_video_core.h:717->F:/Xilinx/Vivado/2018.3/common/technology/autopilot/hls/hls_video_imgproc.h:1973]   --->   Operation 38 'specregionbegin' 'tmp_11_i' <Predicate = (tmp_2_i)> <Delay = 0.00>
ST_4 : Operation 39 [1/1] (0.00ns)   --->   "call void (...)* @_ssdm_op_SpecProtocol(i32 0, [1 x i8]* @p_str) nounwind" [F:/Xilinx/Vivado/2018.3/common/technology/autopilot/hls/hls_video_core.h:700->F:/Xilinx/Vivado/2018.3/common/technology/autopilot/hls/hls_video_core.h:717->F:/Xilinx/Vivado/2018.3/common/technology/autopilot/hls/hls_video_imgproc.h:1973]   --->   Operation 39 'specprotocol' <Predicate = (tmp_2_i)> <Delay = 0.00>
ST_4 : Operation 40 [1/1] (3.63ns)   --->   "call void @_ssdm_op_Write.ap_fifo.volatile.i8P(i8* %p_dst_data_stream_0_V, i8 %tmp)" [F:/Xilinx/Vivado/2018.3/common/technology/autopilot/hls/hls_video_core.h:703->F:/Xilinx/Vivado/2018.3/common/technology/autopilot/hls/hls_video_core.h:717->F:/Xilinx/Vivado/2018.3/common/technology/autopilot/hls/hls_video_imgproc.h:1973]   --->   Operation 40 'write' <Predicate = (tmp_2_i)> <Delay = 3.63> <Core = "FIFO">   --->   Core 32 'FIFO' <Latency = 0> <II = 1> <Delay = 3.63> <Storage> <Opcode : 'read' 'write' 'nbread' 'nbwrite'> <Ports = 0> <Width = 32> <Depth = 2> <FIFO>
ST_4 : Operation 41 [1/1] (3.63ns)   --->   "call void @_ssdm_op_Write.ap_fifo.volatile.i8P(i8* %p_dst_data_stream_1_V, i8 %tmp)" [F:/Xilinx/Vivado/2018.3/common/technology/autopilot/hls/hls_video_core.h:703->F:/Xilinx/Vivado/2018.3/common/technology/autopilot/hls/hls_video_core.h:717->F:/Xilinx/Vivado/2018.3/common/technology/autopilot/hls/hls_video_imgproc.h:1973]   --->   Operation 41 'write' <Predicate = (tmp_2_i)> <Delay = 3.63> <Core = "FIFO">   --->   Core 32 'FIFO' <Latency = 0> <II = 1> <Delay = 3.63> <Storage> <Opcode : 'read' 'write' 'nbread' 'nbwrite'> <Ports = 0> <Width = 32> <Depth = 2> <FIFO>
ST_4 : Operation 42 [1/1] (3.63ns)   --->   "call void @_ssdm_op_Write.ap_fifo.volatile.i8P(i8* %p_dst_data_stream_2_V, i8 %tmp)" [F:/Xilinx/Vivado/2018.3/common/technology/autopilot/hls/hls_video_core.h:703->F:/Xilinx/Vivado/2018.3/common/technology/autopilot/hls/hls_video_core.h:717->F:/Xilinx/Vivado/2018.3/common/technology/autopilot/hls/hls_video_imgproc.h:1973]   --->   Operation 42 'write' <Predicate = (tmp_2_i)> <Delay = 3.63> <Core = "FIFO">   --->   Core 32 'FIFO' <Latency = 0> <II = 1> <Delay = 3.63> <Storage> <Opcode : 'read' 'write' 'nbread' 'nbwrite'> <Ports = 0> <Width = 32> <Depth = 2> <FIFO>
ST_4 : Operation 43 [1/1] (0.00ns)   --->   "%empty_51 = call i32 (...)* @_ssdm_op_SpecRegionEnd([12 x i8]* @p_str24, i32 %tmp_11_i)" [F:/Xilinx/Vivado/2018.3/common/technology/autopilot/hls/hls_video_core.h:705->F:/Xilinx/Vivado/2018.3/common/technology/autopilot/hls/hls_video_core.h:717->F:/Xilinx/Vivado/2018.3/common/technology/autopilot/hls/hls_video_imgproc.h:1973]   --->   Operation 43 'specregionend' 'empty_51' <Predicate = (tmp_2_i)> <Delay = 0.00>
ST_4 : Operation 44 [1/1] (0.00ns)   --->   "%empty_52 = call i32 (...)* @_ssdm_op_SpecRegionEnd([11 x i8]* @p_str16, i32 %tmp_9_i)" [F:/Xilinx/Vivado/2018.3/common/technology/autopilot/hls/hls_video_imgproc.h:1974]   --->   Operation 44 'specregionend' 'empty_52' <Predicate = (tmp_2_i)> <Delay = 0.00>
ST_4 : Operation 45 [1/1] (0.00ns)   --->   "br label %2" [F:/Xilinx/Vivado/2018.3/common/technology/autopilot/hls/hls_video_imgproc.h:1968]   --->   Operation 45 'br' <Predicate = (tmp_2_i)> <Delay = 0.00>

State 5 <SV = 3> <Delay = 0.00>
ST_5 : Operation 46 [1/1] (0.00ns)   --->   "%empty_53 = call i32 (...)* @_ssdm_op_SpecRegionEnd([12 x i8]* @p_str15, i32 %tmp_i_50)" [F:/Xilinx/Vivado/2018.3/common/technology/autopilot/hls/hls_video_imgproc.h:1975]   --->   Operation 46 'specregionend' 'empty_53' <Predicate = true> <Delay = 0.00>
ST_5 : Operation 47 [1/1] (0.00ns)   --->   "br label %0" [F:/Xilinx/Vivado/2018.3/common/technology/autopilot/hls/hls_video_imgproc.h:1967]   --->   Operation 47 'br' <Predicate = true> <Delay = 0.00>


============================================================
+ Verbose Summary: Binding
============================================================
STG Binding: 
---------------- STG Properties BEGIN ----------------
- Is combinational: 0
- Is one-state seq: 0
- Is datapath-only: 0
- Is pipelined: 0
- Is top level: 0
Port [ Return ] is wired: 1; IO mode=ap_ctrl_hs:ce=0
Port [ p_src_rows_V]:  wired=1; compound=1; hidden=0; nouse=0; global=0; static=0; extern=0; dir=0; type=3; pingpong=0; private_global=0; IO mode=ap_fifo:ce=0
Port [ p_src_cols_V]:  wired=1; compound=1; hidden=0; nouse=0; global=0; static=0; extern=0; dir=0; type=3; pingpong=0; private_global=0; IO mode=ap_fifo:ce=0
Port [ p_src_data_stream_V]:  wired=1; compound=1; hidden=0; nouse=0; global=0; static=0; extern=0; dir=0; type=3; pingpong=0; private_global=0; IO mode=ap_fifo:ce=0
Port [ p_dst_data_stream_0_V]:  wired=1; compound=1; hidden=0; nouse=0; global=0; static=0; extern=0; dir=1; type=3; pingpong=0; private_global=0; IO mode=ap_fifo:ce=0
Port [ p_dst_data_stream_1_V]:  wired=1; compound=1; hidden=0; nouse=0; global=0; static=0; extern=0; dir=1; type=3; pingpong=0; private_global=0; IO mode=ap_fifo:ce=0
Port [ p_dst_data_stream_2_V]:  wired=1; compound=1; hidden=0; nouse=0; global=0; static=0; extern=0; dir=1; type=3; pingpong=0; private_global=0; IO mode=ap_fifo:ce=0
---------------- STG Properties END ------------------

---------------- Datapath Model BEGIN ----------------

<LifeTime>
<method=bitvector/>
StgValue_6  (specinterface    ) [ 000000]
StgValue_7  (specinterface    ) [ 000000]
StgValue_8  (specinterface    ) [ 000000]
StgValue_9  (specinterface    ) [ 000000]
StgValue_10 (specinterface    ) [ 000000]
StgValue_11 (specinterface    ) [ 000000]
cols        (read             ) [ 001111]
rows        (read             ) [ 001111]
StgValue_14 (br               ) [ 011111]
i_i         (phi              ) [ 001000]
i_cast_i    (zext             ) [ 000000]
tmp_i       (icmp             ) [ 001111]
StgValue_18 (speclooptripcount) [ 000000]
i           (add              ) [ 011111]
StgValue_20 (br               ) [ 000000]
StgValue_21 (specloopname     ) [ 000000]
tmp_i_50    (specregionbegin  ) [ 000111]
StgValue_23 (br               ) [ 001111]
StgValue_24 (ret              ) [ 000000]
j_i         (phi              ) [ 000100]
j_cast_i    (zext             ) [ 000000]
tmp_2_i     (icmp             ) [ 001111]
StgValue_28 (speclooptripcount) [ 000000]
j           (add              ) [ 001111]
StgValue_30 (br               ) [ 000000]
StgValue_31 (specloopname     ) [ 000000]
tmp_9_i     (specregionbegin  ) [ 000000]
StgValue_33 (specpipeline     ) [ 000000]
tmp_10_i    (specregionbegin  ) [ 000000]
StgValue_35 (specprotocol     ) [ 000000]
tmp         (read             ) [ 000000]
empty       (specregionend    ) [ 000000]
tmp_11_i    (specregionbegin  ) [ 000000]
StgValue_39 (specprotocol     ) [ 000000]
StgValue_40 (write            ) [ 000000]
StgValue_41 (write            ) [ 000000]
StgValue_42 (write            ) [ 000000]
empty_51    (specregionend    ) [ 000000]
empty_52    (specregionend    ) [ 000000]
StgValue_45 (br               ) [ 001111]
empty_53    (specregionend    ) [ 000000]
StgValue_47 (br               ) [ 011111]
</LifeTime>

<model>

<comp_list>
<comp id="0" class="1000" name="p_src_rows_V">
<pin_list>
<pin id="1" dir="1" index="0" bw="1" slack="0"/>
</pin_list>
<bind>
<StgValue><ssdm name="p_src_rows_V"/></StgValue>
</bind>
</comp>

<comp id="2" class="1000" name="p_src_cols_V">
<pin_list>
<pin id="3" dir="1" index="0" bw="1" slack="0"/>
</pin_list>
<bind>
<StgValue><ssdm name="p_src_cols_V"/></StgValue>
</bind>
</comp>

<comp id="4" class="1000" name="p_src_data_stream_V">
<pin_list>
<pin id="5" dir="1" index="0" bw="1" slack="0"/>
</pin_list>
<bind>
<StgValue><ssdm name="p_src_data_stream_V"/></StgValue>
</bind>
</comp>

<comp id="6" class="1000" name="p_dst_data_stream_0_V">
<pin_list>
<pin id="7" dir="1" index="0" bw="1" slack="0"/>
</pin_list>
<bind>
<StgValue><ssdm name="p_dst_data_stream_0_V"/></StgValue>
</bind>
</comp>

<comp id="8" class="1000" name="p_dst_data_stream_1_V">
<pin_list>
<pin id="9" dir="1" index="0" bw="1" slack="0"/>
</pin_list>
<bind>
<StgValue><ssdm name="p_dst_data_stream_1_V"/></StgValue>
</bind>
</comp>

<comp id="10" class="1000" name="p_dst_data_stream_2_V">
<pin_list>
<pin id="11" dir="1" index="0" bw="1" slack="0"/>
</pin_list>
<bind>
<StgValue><ssdm name="p_dst_data_stream_2_V"/></StgValue>
</bind>
</comp>

<comp id="12" class="1001" name="const_12">
<pin_list>
<pin id="13" dir="1" index="0" bw="1" slack="2147483647"/>
</pin_list>
<bind>
<StgValue><ssdm name="_ssdm_op_SpecInterface"/></StgValue>
</bind>
</comp>

<comp id="14" class="1001" name="const_14">
<pin_list>
<pin id="15" dir="1" index="0" bw="1" slack="2147483647"/>
</pin_list>
<bind>
<StgValue><ssdm name="ap_fifo_str"/></StgValue>
</bind>
</comp>

<comp id="16" class="1001" name="const_16">
<pin_list>
<pin id="17" dir="1" index="0" bw="1" slack="2147483647"/>
</pin_list>
<bind>
<StgValue><ssdm name=""/></StgValue>
</bind>
</comp>

<comp id="18" class="1001" name="const_18">
<pin_list>
<pin id="19" dir="1" index="0" bw="1" slack="2147483647"/>
</pin_list>
<bind>
<StgValue><ssdm name="p_str"/></StgValue>
</bind>
</comp>

<comp id="20" class="1001" name="const_20">
<pin_list>
<pin id="21" dir="1" index="0" bw="1" slack="2147483647"/>
</pin_list>
<bind>
<StgValue><ssdm name=""/></StgValue>
</bind>
</comp>

<comp id="22" class="1001" name="const_22">
<pin_list>
<pin id="23" dir="1" index="0" bw="1" slack="2147483647"/>
</pin_list>
<bind>
<StgValue><ssdm name=""/></StgValue>
</bind>
</comp>

<comp id="24" class="1001" name="const_24">
<pin_list>
<pin id="25" dir="1" index="0" bw="1" slack="2147483647"/>
</pin_list>
<bind>
<StgValue><ssdm name="ScalarProp_str"/></StgValue>
</bind>
</comp>

<comp id="26" class="1001" name="const_26">
<pin_list>
<pin id="27" dir="1" index="0" bw="1" slack="0"/>
</pin_list>
<bind>
<StgValue><ssdm name="_ssdm_op_Read.ap_fifo.i32P"/></StgValue>
</bind>
</comp>

<comp id="28" class="1001" name="const_28">
<pin_list>
<pin id="29" dir="1" index="0" bw="1" slack="1"/>
</pin_list>
<bind>
<StgValue><ssdm name=""/></StgValue>
</bind>
</comp>

<comp id="30" class="1001" name="const_30">
<pin_list>
<pin id="31" dir="1" index="0" bw="1" slack="2147483647"/>
</pin_list>
<bind>
<StgValue><ssdm name="_ssdm_op_SpecLoopTripCount"/></StgValue>
</bind>
</comp>

<comp id="32" class="1001" name="const_32">
<pin_list>
<pin id="33" dir="1" index="0" bw="1" slack="2147483647"/>
</pin_list>
<bind>
<StgValue><ssdm name=""/></StgValue>
</bind>
</comp>

<comp id="34" class="1001" name="const_34">
<pin_list>
<pin id="35" dir="1" index="0" bw="1" slack="2147483647"/>
</pin_list>
<bind>
<StgValue><ssdm name=""/></StgValue>
</bind>
</comp>

<comp id="36" class="1001" name="const_36">
<pin_list>
<pin id="37" dir="1" index="0" bw="1" slack="0"/>
</pin_list>
<bind>
<StgValue><ssdm name=""/></StgValue>
</bind>
</comp>

<comp id="38" class="1001" name="const_38">
<pin_list>
<pin id="39" dir="1" index="0" bw="1" slack="2147483647"/>
</pin_list>
<bind>
<StgValue><ssdm name="_ssdm_op_SpecLoopName"/></StgValue>
</bind>
</comp>

<comp id="40" class="1001" name="const_40">
<pin_list>
<pin id="41" dir="1" index="0" bw="1" slack="2147483647"/>
</pin_list>
<bind>
<StgValue><ssdm name="p_str15"/></StgValue>
</bind>
</comp>

<comp id="42" class="1001" name="const_42">
<pin_list>
<pin id="43" dir="1" index="0" bw="1" slack="2147483647"/>
</pin_list>
<bind>
<StgValue><ssdm name="_ssdm_op_SpecRegionBegin"/></StgValue>
</bind>
</comp>

<comp id="44" class="1001" name="const_44">
<pin_list>
<pin id="45" dir="1" index="0" bw="1" slack="2147483647"/>
</pin_list>
<bind>
<StgValue><ssdm name=""/></StgValue>
</bind>
</comp>

<comp id="46" class="1001" name="const_46">
<pin_list>
<pin id="47" dir="1" index="0" bw="1" slack="2147483647"/>
</pin_list>
<bind>
<StgValue><ssdm name="p_str16"/></StgValue>
</bind>
</comp>

<comp id="48" class="1001" name="const_48">
<pin_list>
<pin id="49" dir="1" index="0" bw="1" slack="2147483647"/>
</pin_list>
<bind>
<StgValue><ssdm name="_ssdm_op_SpecPipeline"/></StgValue>
</bind>
</comp>

<comp id="50" class="1001" name="const_50">
<pin_list>
<pin id="51" dir="1" index="0" bw="1" slack="2147483647"/>
</pin_list>
<bind>
<StgValue><ssdm name=""/></StgValue>
</bind>
</comp>

<comp id="52" class="1001" name="const_52">
<pin_list>
<pin id="53" dir="1" index="0" bw="1" slack="2147483647"/>
</pin_list>
<bind>
<StgValue><ssdm name=""/></StgValue>
</bind>
</comp>

<comp id="54" class="1001" name="const_54">
<pin_list>
<pin id="55" dir="1" index="0" bw="1" slack="2147483647"/>
</pin_list>
<bind>
<StgValue><ssdm name="p_str26"/></StgValue>
</bind>
</comp>

<comp id="56" class="1001" name="const_56">
<pin_list>
<pin id="57" dir="1" index="0" bw="1" slack="2147483647"/>
</pin_list>
<bind>
<StgValue><ssdm name="_ssdm_op_SpecProtocol"/></StgValue>
</bind>
</comp>

<comp id="58" class="1001" name="const_58">
<pin_list>
<pin id="59" dir="1" index="0" bw="1" slack="0"/>
</pin_list>
<bind>
<StgValue><ssdm name="_ssdm_op_Read.ap_fifo.volatile.i8P"/></StgValue>
</bind>
</comp>

<comp id="60" class="1001" name="const_60">
<pin_list>
<pin id="61" dir="1" index="0" bw="1" slack="2147483647"/>
</pin_list>
<bind>
<StgValue><ssdm name="_ssdm_op_SpecRegionEnd"/></StgValue>
</bind>
</comp>

<comp id="62" class="1001" name="const_62">
<pin_list>
<pin id="63" dir="1" index="0" bw="1" slack="2147483647"/>
</pin_list>
<bind>
<StgValue><ssdm name="p_str24"/></StgValue>
</bind>
</comp>

<comp id="64" class="1001" name="const_64">
<pin_list>
<pin id="65" dir="1" index="0" bw="1" slack="0"/>
</pin_list>
<bind>
<StgValue><ssdm name="_ssdm_op_Write.ap_fifo.volatile.i8P"/></StgValue>
</bind>
</comp>

<comp id="66" class="1004" name="cols_read_fu_66">
<pin_list>
<pin id="67" dir="0" index="0" bw="32" slack="0"/>
<pin id="68" dir="0" index="1" bw="32" slack="0"/>
<pin id="69" dir="1" index="2" bw="32" slack="2"/>
</pin_list>
<bind>
<opcode="read(1150) " fcode="read"/>
<opset="cols/1 "/>
</bind>
</comp>

<comp id="72" class="1004" name="rows_read_fu_72">
<pin_list>
<pin id="73" dir="0" index="0" bw="32" slack="0"/>
<pin id="74" dir="0" index="1" bw="32" slack="0"/>
<pin id="75" dir="1" index="2" bw="32" slack="1"/>
</pin_list>
<bind>
<opcode="read(1150) " fcode="read"/>
<opset="rows/1 "/>
</bind>
</comp>

<comp id="78" class="1004" name="tmp_read_fu_78">
<pin_list>
<pin id="79" dir="0" index="0" bw="8" slack="0"/>
<pin id="80" dir="0" index="1" bw="8" slack="0"/>
<pin id="81" dir="1" index="2" bw="8" slack="0"/>
</pin_list>
<bind>
<opcode="read(1150) " fcode="read"/>
<opset="tmp/4 "/>
</bind>
</comp>

<comp id="84" class="1004" name="StgValue_40_write_fu_84">
<pin_list>
<pin id="85" dir="0" index="0" bw="0" slack="0"/>
<pin id="86" dir="0" index="1" bw="8" slack="0"/>
<pin id="87" dir="0" index="2" bw="8" slack="0"/>
<pin id="88" dir="1" index="3" bw="0" slack="2147483647"/>
</pin_list>
<bind>
<opcode="write(1151) " fcode="write"/>
<opset="StgValue_40/4 "/>
</bind>
</comp>

<comp id="92" class="1004" name="StgValue_41_write_fu_92">
<pin_list>
<pin id="93" dir="0" index="0" bw="0" slack="0"/>
<pin id="94" dir="0" index="1" bw="8" slack="0"/>
<pin id="95" dir="0" index="2" bw="8" slack="0"/>
<pin id="96" dir="1" index="3" bw="0" slack="2147483647"/>
</pin_list>
<bind>
<opcode="write(1151) " fcode="write"/>
<opset="StgValue_41/4 "/>
</bind>
</comp>

<comp id="100" class="1004" name="StgValue_42_write_fu_100">
<pin_list>
<pin id="101" dir="0" index="0" bw="0" slack="0"/>
<pin id="102" dir="0" index="1" bw="8" slack="0"/>
<pin id="103" dir="0" index="2" bw="8" slack="0"/>
<pin id="104" dir="1" index="3" bw="0" slack="2147483647"/>
</pin_list>
<bind>
<opcode="write(1151) " fcode="write"/>
<opset="StgValue_42/4 "/>
</bind>
</comp>

<comp id="108" class="1005" name="i_i_reg_108">
<pin_list>
<pin id="109" dir="0" index="0" bw="31" slack="1"/>
<pin id="110" dir="1" index="1" bw="31" slack="1"/>
</pin_list>
<bind>
<opset="i_i (phireg) "/>
</bind>
</comp>

<comp id="112" class="1004" name="i_i_phi_fu_112">
<pin_list>
<pin id="113" dir="0" index="0" bw="1" slack="1"/>
<pin id="114" dir="0" index="1" bw="0" slack="2147483647"/>
<pin id="115" dir="0" index="2" bw="31" slack="0"/>
<pin id="116" dir="0" index="3" bw="0" slack="2147483647"/>
<pin id="117" dir="1" index="4" bw="31" slack="0"/>
</pin_list>
<bind>
<opcode="phi(47) " fcode="phi"/>
<opset="i_i/2 "/>
</bind>
</comp>

<comp id="119" class="1005" name="j_i_reg_119">
<pin_list>
<pin id="120" dir="0" index="0" bw="31" slack="1"/>
<pin id="121" dir="1" index="1" bw="31" slack="1"/>
</pin_list>
<bind>
<opset="j_i (phireg) "/>
</bind>
</comp>

<comp id="123" class="1004" name="j_i_phi_fu_123">
<pin_list>
<pin id="124" dir="0" index="0" bw="1" slack="1"/>
<pin id="125" dir="0" index="1" bw="0" slack="2147483647"/>
<pin id="126" dir="0" index="2" bw="31" slack="0"/>
<pin id="127" dir="0" index="3" bw="0" slack="2147483647"/>
<pin id="128" dir="1" index="4" bw="31" slack="0"/>
</pin_list>
<bind>
<opcode="phi(47) " fcode="phi"/>
<opset="j_i/3 "/>
</bind>
</comp>

<comp id="130" class="1004" name="i_cast_i_fu_130">
<pin_list>
<pin id="131" dir="0" index="0" bw="31" slack="0"/>
<pin id="132" dir="1" index="1" bw="32" slack="0"/>
</pin_list>
<bind>
<opcode="zext(34) " fcode="zext"/>
<opset="i_cast_i/2 "/>
</bind>
</comp>

<comp id="134" class="1004" name="tmp_i_fu_134">
<pin_list>
<pin id="135" dir="0" index="0" bw="32" slack="0"/>
<pin id="136" dir="0" index="1" bw="32" slack="1"/>
<pin id="137" dir="1" index="2" bw="1" slack="1"/>
</pin_list>
<bind>
<opcode="icmp(45) " fcode="icmp"/>
<opset="tmp_i/2 "/>
</bind>
</comp>

<comp id="139" class="1004" name="i_fu_139">
<pin_list>
<pin id="140" dir="0" index="0" bw="31" slack="0"/>
<pin id="141" dir="0" index="1" bw="1" slack="0"/>
<pin id="142" dir="1" index="2" bw="31" slack="0"/>
</pin_list>
<bind>
<opcode="add(8) " fcode="add"/>
<opset="i/2 "/>
</bind>
</comp>

<comp id="145" class="1004" name="j_cast_i_fu_145">
<pin_list>
<pin id="146" dir="0" index="0" bw="31" slack="0"/>
<pin id="147" dir="1" index="1" bw="32" slack="0"/>
</pin_list>
<bind>
<opcode="zext(34) " fcode="zext"/>
<opset="j_cast_i/3 "/>
</bind>
</comp>

<comp id="149" class="1004" name="tmp_2_i_fu_149">
<pin_list>
<pin id="150" dir="0" index="0" bw="32" slack="0"/>
<pin id="151" dir="0" index="1" bw="32" slack="2"/>
<pin id="152" dir="1" index="2" bw="1" slack="1"/>
</pin_list>
<bind>
<opcode="icmp(45) " fcode="icmp"/>
<opset="tmp_2_i/3 "/>
</bind>
</comp>

<comp id="154" class="1004" name="j_fu_154">
<pin_list>
<pin id="155" dir="0" index="0" bw="31" slack="0"/>
<pin id="156" dir="0" index="1" bw="1" slack="0"/>
<pin id="157" dir="1" index="2" bw="31" slack="0"/>
</pin_list>
<bind>
<opcode="add(8) " fcode="add"/>
<opset="j/3 "/>
</bind>
</comp>

<comp id="160" class="1005" name="cols_reg_160">
<pin_list>
<pin id="161" dir="0" index="0" bw="32" slack="2"/>
<pin id="162" dir="1" index="1" bw="32" slack="2"/>
</pin_list>
<bind>
<opset="cols "/>
</bind>
</comp>

<comp id="165" class="1005" name="rows_reg_165">
<pin_list>
<pin id="166" dir="0" index="0" bw="32" slack="1"/>
<pin id="167" dir="1" index="1" bw="32" slack="1"/>
</pin_list>
<bind>
<opset="rows "/>
</bind>
</comp>

<comp id="170" class="1005" name="tmp_i_reg_170">
<pin_list>
<pin id="171" dir="0" index="0" bw="1" slack="1"/>
<pin id="172" dir="1" index="1" bw="1" slack="2147483647"/>
</pin_list>
<bind>
<opset="tmp_i "/>
</bind>
</comp>

<comp id="174" class="1005" name="i_reg_174">
<pin_list>
<pin id="175" dir="0" index="0" bw="31" slack="0"/>
<pin id="176" dir="1" index="1" bw="31" slack="0"/>
</pin_list>
<bind>
<opset="i "/>
</bind>
</comp>

<comp id="179" class="1005" name="tmp_2_i_reg_179">
<pin_list>
<pin id="180" dir="0" index="0" bw="1" slack="1"/>
<pin id="181" dir="1" index="1" bw="1" slack="2147483647"/>
</pin_list>
<bind>
<opset="tmp_2_i "/>
</bind>
</comp>

<comp id="183" class="1005" name="j_reg_183">
<pin_list>
<pin id="184" dir="0" index="0" bw="31" slack="0"/>
<pin id="185" dir="1" index="1" bw="31" slack="0"/>
</pin_list>
<bind>
<opset="j "/>
</bind>
</comp>

</comp_list>

<net_list>
<net id="70"><net_src comp="26" pin="0"/><net_sink comp="66" pin=0"/></net>

<net id="71"><net_src comp="2" pin="0"/><net_sink comp="66" pin=1"/></net>

<net id="76"><net_src comp="26" pin="0"/><net_sink comp="72" pin=0"/></net>

<net id="77"><net_src comp="0" pin="0"/><net_sink comp="72" pin=1"/></net>

<net id="82"><net_src comp="58" pin="0"/><net_sink comp="78" pin=0"/></net>

<net id="83"><net_src comp="4" pin="0"/><net_sink comp="78" pin=1"/></net>

<net id="89"><net_src comp="64" pin="0"/><net_sink comp="84" pin=0"/></net>

<net id="90"><net_src comp="6" pin="0"/><net_sink comp="84" pin=1"/></net>

<net id="91"><net_src comp="78" pin="2"/><net_sink comp="84" pin=2"/></net>

<net id="97"><net_src comp="64" pin="0"/><net_sink comp="92" pin=0"/></net>

<net id="98"><net_src comp="8" pin="0"/><net_sink comp="92" pin=1"/></net>

<net id="99"><net_src comp="78" pin="2"/><net_sink comp="92" pin=2"/></net>

<net id="105"><net_src comp="64" pin="0"/><net_sink comp="100" pin=0"/></net>

<net id="106"><net_src comp="10" pin="0"/><net_sink comp="100" pin=1"/></net>

<net id="107"><net_src comp="78" pin="2"/><net_sink comp="100" pin=2"/></net>

<net id="111"><net_src comp="28" pin="0"/><net_sink comp="108" pin=0"/></net>

<net id="118"><net_src comp="108" pin="1"/><net_sink comp="112" pin=0"/></net>

<net id="122"><net_src comp="28" pin="0"/><net_sink comp="119" pin=0"/></net>

<net id="129"><net_src comp="119" pin="1"/><net_sink comp="123" pin=0"/></net>

<net id="133"><net_src comp="112" pin="4"/><net_sink comp="130" pin=0"/></net>

<net id="138"><net_src comp="130" pin="1"/><net_sink comp="134" pin=0"/></net>

<net id="143"><net_src comp="112" pin="4"/><net_sink comp="139" pin=0"/></net>

<net id="144"><net_src comp="36" pin="0"/><net_sink comp="139" pin=1"/></net>

<net id="148"><net_src comp="123" pin="4"/><net_sink comp="145" pin=0"/></net>

<net id="153"><net_src comp="145" pin="1"/><net_sink comp="149" pin=0"/></net>

<net id="158"><net_src comp="123" pin="4"/><net_sink comp="154" pin=0"/></net>

<net id="159"><net_src comp="36" pin="0"/><net_sink comp="154" pin=1"/></net>

<net id="163"><net_src comp="66" pin="2"/><net_sink comp="160" pin=0"/></net>

<net id="164"><net_src comp="160" pin="1"/><net_sink comp="149" pin=1"/></net>

<net id="168"><net_src comp="72" pin="2"/><net_sink comp="165" pin=0"/></net>

<net id="169"><net_src comp="165" pin="1"/><net_sink comp="134" pin=1"/></net>

<net id="173"><net_src comp="134" pin="2"/><net_sink comp="170" pin=0"/></net>

<net id="177"><net_src comp="139" pin="2"/><net_sink comp="174" pin=0"/></net>

<net id="178"><net_src comp="174" pin="1"/><net_sink comp="112" pin=2"/></net>

<net id="182"><net_src comp="149" pin="2"/><net_sink comp="179" pin=0"/></net>

<net id="186"><net_src comp="154" pin="2"/><net_sink comp="183" pin=0"/></net>

<net id="187"><net_src comp="183" pin="1"/><net_sink comp="123" pin=2"/></net>

</net_list>

</model> 
---------------- Datapath Model END ------------------

* FSMD analyzer results:
  - Output states:
	Port: p_dst_data_stream_0_V | {4 }
	Port: p_dst_data_stream_1_V | {4 }
	Port: p_dst_data_stream_2_V | {4 }
 - Input state : 
	Port: CvtColor.1 : p_src_rows_V | {1 }
	Port: CvtColor.1 : p_src_cols_V | {1 }
	Port: CvtColor.1 : p_src_data_stream_V | {4 }
  - Chain level:
	State 1
	State 2
		i_cast_i : 1
		tmp_i : 2
		i : 1
		StgValue_20 : 3
	State 3
		j_cast_i : 1
		tmp_2_i : 2
		j : 1
		StgValue_30 : 3
	State 4
		empty : 1
		empty_51 : 1
		empty_52 : 1
	State 5


============================================================
+ Verbose Summary: Datapath Resource usage 
============================================================

* Functional unit list:
|----------|--------------------------|---------|---------|
| Operation|      Functional Unit     |    FF   |   LUT   |
|----------|--------------------------|---------|---------|
|    add   |         i_fu_139         |    0    |    38   |
|          |         j_fu_154         |    0    |    38   |
|----------|--------------------------|---------|---------|
|   icmp   |       tmp_i_fu_134       |    0    |    18   |
|          |      tmp_2_i_fu_149      |    0    |    18   |
|----------|--------------------------|---------|---------|
|          |      cols_read_fu_66     |    0    |    0    |
|   read   |      rows_read_fu_72     |    0    |    0    |
|          |      tmp_read_fu_78      |    0    |    0    |
|----------|--------------------------|---------|---------|
|          |  StgValue_40_write_fu_84 |    0    |    0    |
|   write  |  StgValue_41_write_fu_92 |    0    |    0    |
|          | StgValue_42_write_fu_100 |    0    |    0    |
|----------|--------------------------|---------|---------|
|   zext   |      i_cast_i_fu_130     |    0    |    0    |
|          |      j_cast_i_fu_145     |    0    |    0    |
|----------|--------------------------|---------|---------|
|   Total  |                          |    0    |   112   |
|----------|--------------------------|---------|---------|

Memories:
N/A

* Register list:
+---------------+--------+
|               |   FF   |
+---------------+--------+
|  cols_reg_160 |   32   |
|  i_i_reg_108  |   31   |
|   i_reg_174   |   31   |
|  j_i_reg_119  |   31   |
|   j_reg_183   |   31   |
|  rows_reg_165 |   32   |
|tmp_2_i_reg_179|    1   |
| tmp_i_reg_170 |    1   |
+---------------+--------+
|     Total     |   190  |
+---------------+--------+

* Multiplexer (MUX) list: 
|--------|------|------|------|--------|
|  Comp  |  Pin | Size |  BW  | S x BW |
|--------|------|------|------|--------|
|  Total |      |      |      |    0   |
|--------|------|------|------|--------|



* Summary:
+-----------+--------+--------+
|           |   FF   |   LUT  |
+-----------+--------+--------+
|  Function |    0   |   112  |
|   Memory  |    -   |    -   |
|Multiplexer|    -   |    -   |
|  Register |   190  |    -   |
+-----------+--------+--------+
|   Total   |   190  |   112  |
+-----------+--------+--------+
